<?xml version="1.0" encoding="UTF-8" ?>
<testsuite tests="1" failures="0" name="com.itheima.TestMaven" time="0.011" errors="0" skipped="0">
  <properties>
    <property name="idea.version" value="2021.3.3"/>
    <property name="java.runtime.name" value="Java(TM) SE Runtime Environment"/>
    <property name="java.vm.version" value="18+36-2087"/>
    <property name="sun.boot.library.path" value="C:\Java\jdk-18\bin"/>
    <property name="maven.multiModuleProjectDirectory" value="D:\workplace\java_web\Maven"/>
    <property name="java.vm.vendor" value="Oracle Corporation"/>
    <property name="java.vendor.url" value="https://java.oracle.com/"/>
    <property name="guice.disable.misplaced.annotation.check" value="true"/>
    <property name="path.separator" value=";"/>
    <property name="java.vm.name" value="Java HotSpot(TM) 64-Bit Server VM"/>
    <property name="sun.os.patch.level" value=""/>
    <property name="user.script" value=""/>
    <property name="user.country" value="CN"/>
    <property name="sun.java.launcher" value="SUN_STANDARD"/>
    <property name="java.vm.specification.name" value="Java Virtual Machine Specification"/>
    <property name="user.dir" value="D:\workplace\java_web\Maven"/>
    <property name="java.vm.compressedOopsMode" value="32-bit"/>
    <property name="java.runtime.version" value="18+36-2087"/>
    <property name="os.arch" value="amd64"/>
    <property name="java.io.tmpdir" value="C:\Users\qrc\AppData\Local\Temp\"/>
    <property name="line.separator" value="
"/>
    <property name="java.vm.specification.vendor" value="Oracle Corporation"/>
    <property name="user.variant" value=""/>
    <property name="os.name" value="Windows 10"/>
    <property name="maven.ext.class.path" value="D:\study_soft\IntelliJ IDEA 2021.3.3\plugins\maven\lib\maven-event-listener.jar"/>
    <property name="classworlds.conf" value="D:\study_soft\apache-maven-3.8.6\bin\m2.conf"/>
    <property name="sun.jnu.encoding" value="GBK"/>
    <property name="java.library.path" value="C:\Java\jdk-18\bin;C:\WINDOWS\Sun\Java\bin;C:\WINDOWS\system32;C:\WINDOWS;C:\Program Files\NVIDIA GPU Computing Toolkit\CUDA\v11.4\bin;C:\Program Files\NVIDIA GPU Computing Toolkit\CUDA\v11.4\libnvvp;C:\Program Files\Common Files\Oracle\Java\javapath;C:\HighTec\toolchains\tricore\v4.9.1.0-infineon-2.0\bin;C:\HighTec\licensemanager;D:\computer\HighTec\toolchains\tricore\v4.9.1.0-infineon-2.0\bin;D:\computer\HighTec\licensemanager;C:\Program Files (x86)\Common Files\Oracle\Java\javapath;C:\Program Files (x86)\Intel\iCLS Client\;C:\Program Files\Intel\iCLS Client\;C:\Windows\system32;C:\Windows;C:\Windows\System32\Wbem;C:\Windows\System32\WindowsPowerShell\v1.0\;C:\Program Files (x86)\NVIDIA Corporation\PhysX\Common;C:\Program Files (x86)\Intel\Intel(R) Management Engine Components\DAL;C:\Program Files\Intel\Intel(R) Management Engine Components\DAL;C:\Program Files (x86)\Intel\Intel(R) Management Engine Components\IPT;C:\Program Files\Intel\Intel(R) Management Engine Components\IPT;C:\WINDOWS\system32;C:\WINDOWS;C:\WINDOWS\System32\Wbem;C:\WINDOWS\System32\WindowsPowerShell\v1.0\;D:\计算机常用文件;%SYSTE;ROOT%\System32\OpenSSH\;D:\computer\Java\bin;D:\computer\Java\jre\bin;C:\WINDOWS\System32\OpenSSH\;C:\Program Files\NVIDIA Corporation\NVIDIA NvDLISR;D:\computer\MATLAB_2021B\runtime\win64;D:\computer\MATLAB_2021B\bin;D:\study_soft\Git\Git\cmd;C:\Program Files\NVIDIA Corporation\Nsight Compute 2021.2.0\;D:\study_soft\MySQL\mysql-5.7.24-winx64\bin;D:\study_soft\pdftk_free\PDFtk\bin\;D:\study_soft\apache-maven-3.8.6\bin;D:\study_soft\anaconda3;D:\study_soft\anaconda3\Library\mingw-w64\bin;D:\study_soft\anaconda3\Library\usr\bin;D:\study_soft\anaconda3\Library\bin;D:\study_soft\anaconda3\Scripts;C:\Users\qrc\AppData\Local\Programs\Python\Python310\Scripts\;C:\Users\qrc\AppData\Local\Programs\Python\Python310\;C:\Users\qrc\AppData\Local\Programs\Python\Launcher\;C:\Users\qrc\AppData\Local\Microsoft\WindowsApps;C:\Program Files\Bandizip\;C:\Java\jdk-18\bin;D:\study_soft\vscode\Microsoft VS Code\bin;D:\study_soft\mingw64\bin;D:\study_soft\pycharm\PyCharm 2022.2.3\bin;;."/>
    <property name="maven.conf" value="D:\study_soft\apache-maven-3.8.6/conf"/>
    <property name="jdk.debug" value="release"/>
    <property name="java.class.version" value="62.0"/>
    <property name="java.specification.name" value="Java Platform API Specification"/>
    <property name="sun.management.compiler" value="HotSpot 64-Bit Tiered Compilers"/>
    <property name="maven.repo.local" value="D:\study_soft\apache-maven-3.8.6\mvn_resp"/>
    <property name="os.version" value="10.0"/>
    <property name="user.home" value="C:\Users\qrc"/>
    <property name="user.timezone" value="Asia/Shanghai"/>
    <property name="file.encoding" value="GBK"/>
    <property name="java.specification.version" value="18"/>
    <property name="user.name" value="qrc"/>
    <property name="java.class.path" value="D:\study_soft\apache-maven-3.8.6\boot\plexus-classworlds-2.6.0.jar;D:\study_soft\apache-maven-3.8.6\boot\plexus-classworlds.license"/>
    <property name="java.vm.specification.version" value="18"/>
    <property name="sun.arch.data.model" value="64"/>
    <property name="sun.java.command" value="org.codehaus.classworlds.Launcher -Didea.version=2021.3.3 -s D:\study_soft\apache-maven-3.8.6\conf\settings.xml -Dmaven.repo.local=D:\study_soft\apache-maven-3.8.6\mvn_resp package"/>
    <property name="java.home" value="C:\Java\jdk-18"/>
    <property name="user.language" value="zh"/>
    <property name="java.specification.vendor" value="Oracle Corporation"/>
    <property name="java.vm.info" value="mixed mode, sharing"/>
    <property name="java.version" value="18"/>
    <property name="native.encoding" value="GBK"/>
    <property name="java.vendor" value="Oracle Corporation"/>
    <property name="maven.home" value="D:\study_soft\apache-maven-3.8.6"/>
    <property name="file.separator" value="\"/>
    <property name="java.version.date" value="2022-03-22"/>
    <property name="java.vendor.url.bug" value="https://bugreport.java.com/bugreport/"/>
    <property name="sun.io.unicode.encoding" value="UnicodeLittle"/>
    <property name="sun.cpu.endian" value="little"/>
    <property name="sun.cpu.isalist" value="amd64"/>
  </properties>
  <testcase classname="com.itheima.TestMaven" name="test" time="0.011"/>
</testsuite>